Build started 8/16/2016 5:16:53 PM.
     1>Project "C:\Users\509n1\Desktop\SP3\Base\Base.vcxproj" on node 2 (Build target(s)).
     1>ClCompile:
         D:\Program Files (x86)\Microsoft Visual Studio 12.0\VC\bin\CL.exe /c /IC:\Users\509n1\Desktop\SP3\/Common/Source /IC:\Users\509n1\Desktop\SP3\/glew/include /IC:\Users\509n1\Desktop\SP3\/glfw/include /ZI /nologo /W3 /WX- /Od /Oy- /D _VARIADIC_MAX=10 /D WIN32 /D _DEBUG /D _CONSOLE /D _UNICODE /D UNICODE /Gm /EHsc /RTC1 /MDd /GS /fp:precise /Zc:wchar_t /Zc:forScope /Fo"Debug\\" /Fd"Debug\vc120.pdb" /Gd /TP /analyze- /errorReport:prompt Source\Enemy.cpp Source\Environment.cpp Source\GameObjectManager.cpp Source\GameObject_Map.cpp Source\Projectile.cpp Source\SP3.cpp
         Enemy.cpp
     1>c:\users\509n1\desktop\sp3\base\source\enemy.cpp(5): warning C4244: '=' : conversion from 'int' to 'float', possible loss of data
     1>c:\users\509n1\desktop\sp3\base\source\enemy.cpp(6): warning C4244: '=' : conversion from 'int' to 'float', possible loss of data
     1>c:\users\509n1\desktop\sp3\base\source\enemy.cpp(22): warning C4244: 'return' : conversion from 'float' to 'int', possible loss of data
     1>c:\users\509n1\desktop\sp3\base\source\enemy.cpp(27): warning C4244: 'return' : conversion from 'float' to 'int', possible loss of data
         Generating Code...
         Skipping... (no relevant changes detected)
         SP3.cpp
         Projectile.cpp
         GameObject_Map.cpp
         GameObjectManager.cpp
         Environment.cpp
       Link:
         D:\Program Files (x86)\Microsoft Visual Studio 12.0\VC\bin\link.exe /ERRORREPORT:PROMPT /OUT:"C:\Users\509n1\Desktop\SP3\Debug\Base.exe" /INCREMENTAL:NO /NOLOGO /LIBPATH:C:\Users\509n1\Desktop\SP3\Debug /LIBPATH:"C:\Users\509n1\Desktop\SP3\/glfw/lib-msvc100" /LIBPATH:C:\Users\509n1\Desktop\SP3\/glew/lib Common.lib winmm.lib opengl32.lib glu32.lib glew32.lib glfw3.lib kernel32.lib user32.lib gdi32.lib winspool.lib comdlg32.lib advapi32.lib shell32.lib ole32.lib oleaut32.lib uuid.lib odbc32.lib odbccp32.lib /MANIFEST /MANIFESTUAC:"level='asInvoker' uiAccess='false'" /manifest:embed /DEBUG /PDB:"C:\Users\509n1\Desktop\SP3\Debug\Base.pdb" /SUBSYSTEM:CONSOLE /TLBID:1 /DYNAMICBASE /NXCOMPAT /IMPLIB:"C:\Users\509n1\Desktop\SP3\Debug\Base.lib" /MACHINE:X86 Debug\Application.obj
         Debug\AttackBase.obj
         Debug\Behaviour.obj
         Debug\BehaviourMelee.obj
         Debug\BehaviourRanged.obj
         Debug\Camera.obj
         Debug\ElementalObject.obj
         Debug\Enemy.obj
         Debug\Entity.obj
         Debug\Environment.obj
         Debug\GameObject.obj
         Debug\GameObjectManager.obj
         Debug\GameObject_Map.obj
         Debug\LoadOBJ.obj
         Debug\LoadTGA.obj
         Debug\main.obj
         Debug\Mesh.obj
         Debug\MeshBuilder.obj
         Debug\Player.obj
         Debug\Projectile.obj
         Debug\SceneBase.obj
         Debug\shader.obj
         Debug\SP3.obj
         Debug\Utility.obj
     1>Application.obj : warning LNK4075: ignoring '/EDITANDCONTINUE' due to '/OPT:LBR' specification
     1>LINK : warning LNK4098: defaultlib 'MSVCRT' conflicts with use of other libs; use /NODEFAULTLIB:library
         Base.vcxproj -> C:\Users\509n1\Desktop\SP3\Debug\Base.exe
     1>Done Building Project "C:\Users\509n1\Desktop\SP3\Base\Base.vcxproj" (Build target(s)).

Build succeeded.

Time Elapsed 00:00:01.53
