c:\users\donov_000\desktop\poly stuffz\year 2\programming physics\dm2212_framework\base\debug\vc120.pdb
c:\users\donov_000\desktop\poly stuffz\year 2\programming physics\dm2212_framework\base\debug\vc120.idb
c:\users\donov_000\desktop\poly stuffz\year 2\programming physics\dm2212_framework\base\debug\application.obj
c:\users\donov_000\desktop\poly stuffz\year 2\programming physics\dm2212_framework\base\debug\camera.obj
c:\users\donov_000\desktop\poly stuffz\year 2\programming physics\dm2212_framework\base\debug\gameobject.obj
c:\users\donov_000\desktop\poly stuffz\year 2\programming physics\dm2212_framework\base\debug\loadobj.obj
c:\users\donov_000\desktop\poly stuffz\year 2\programming physics\dm2212_framework\base\debug\loadtga.obj
c:\users\donov_000\desktop\poly stuffz\year 2\programming physics\dm2212_framework\base\debug\main.obj
c:\users\donov_000\desktop\poly stuffz\year 2\programming physics\dm2212_framework\base\debug\mesh.obj
c:\users\donov_000\desktop\poly stuffz\year 2\programming physics\dm2212_framework\base\debug\meshbuilder.obj
c:\users\donov_000\desktop\poly stuffz\year 2\programming physics\dm2212_framework\base\debug\player.obj
c:\users\donov_000\desktop\poly stuffz\year 2\programming physics\dm2212_framework\base\debug\sceneassignment.obj
c:\users\donov_000\desktop\poly stuffz\year 2\programming physics\dm2212_framework\base\debug\sceneasteroid.obj
c:\users\donov_000\desktop\poly stuffz\year 2\programming physics\dm2212_framework\base\debug\scenebase.obj
c:\users\donov_000\desktop\poly stuffz\year 2\programming physics\dm2212_framework\base\debug\scenecollision.obj
c:\users\donov_000\desktop\poly stuffz\year 2\programming physics\dm2212_framework\base\debug\scenekinematics.obj
c:\users\donov_000\desktop\poly stuffz\year 2\programming physics\dm2212_framework\base\debug\shader.obj
c:\users\donov_000\desktop\poly stuffz\year 2\programming physics\dm2212_framework\base\debug\topdowncamera.obj
c:\users\donov_000\desktop\poly stuffz\year 2\programming physics\dm2212_framework\base\debug\utility.obj
c:\users\donov_000\desktop\poly stuffz\year 2\programming physics\dm2212_framework\base\debug\wave.obj
c:\users\donov_000\desktop\poly stuffz\year 2\programming physics\dm2212_framework\base\debug\sceneassignment2.obj
c:\users\donov_000\desktop\poly stuffz\year 2\programming physics\dm2212_framework\debug\base.exe
c:\users\donov_000\desktop\poly stuffz\year 2\programming physics\dm2212_framework\debug\base.pdb
c:\users\donov_000\desktop\poly stuffz\year 2\programming physics\dm2212_framework\base\debug\base.tlog\cl.command.1.tlog
c:\users\donov_000\desktop\poly stuffz\year 2\programming physics\dm2212_framework\base\debug\base.tlog\cl.read.1.tlog
c:\users\donov_000\desktop\poly stuffz\year 2\programming physics\dm2212_framework\base\debug\base.tlog\cl.write.1.tlog
c:\users\donov_000\desktop\poly stuffz\year 2\programming physics\dm2212_framework\base\debug\base.tlog\link.command.1.tlog
c:\users\donov_000\desktop\poly stuffz\year 2\programming physics\dm2212_framework\base\debug\base.tlog\link.read.1.tlog
c:\users\donov_000\desktop\poly stuffz\year 2\programming physics\dm2212_framework\base\debug\base.tlog\link.write.1.tlog
