c:\users\donov_000\desktop\poly stuffz\year 2\programming physics\dm2212_framework\base\release\vc120.pdb
c:\users\donov_000\desktop\poly stuffz\year 2\programming physics\dm2212_framework\base\release\wave.obj
c:\users\donov_000\desktop\poly stuffz\year 2\programming physics\dm2212_framework\base\release\utility.obj
c:\users\donov_000\desktop\poly stuffz\year 2\programming physics\dm2212_framework\base\release\topdowncamera.obj
c:\users\donov_000\desktop\poly stuffz\year 2\programming physics\dm2212_framework\base\release\shader.obj
c:\users\donov_000\desktop\poly stuffz\year 2\programming physics\dm2212_framework\base\release\scenekinematics.obj
c:\users\donov_000\desktop\poly stuffz\year 2\programming physics\dm2212_framework\base\release\scenecollision.obj
c:\users\donov_000\desktop\poly stuffz\year 2\programming physics\dm2212_framework\base\release\scenebase.obj
c:\users\donov_000\desktop\poly stuffz\year 2\programming physics\dm2212_framework\base\release\sceneasteroid.obj
c:\users\donov_000\desktop\poly stuffz\year 2\programming physics\dm2212_framework\base\release\sceneassignment2.obj
c:\users\donov_000\desktop\poly stuffz\year 2\programming physics\dm2212_framework\base\release\sceneassignment.obj
c:\users\donov_000\desktop\poly stuffz\year 2\programming physics\dm2212_framework\base\release\player.obj
c:\users\donov_000\desktop\poly stuffz\year 2\programming physics\dm2212_framework\base\release\meshbuilder.obj
c:\users\donov_000\desktop\poly stuffz\year 2\programming physics\dm2212_framework\base\release\mesh.obj
c:\users\donov_000\desktop\poly stuffz\year 2\programming physics\dm2212_framework\base\release\main.obj
c:\users\donov_000\desktop\poly stuffz\year 2\programming physics\dm2212_framework\base\release\loadtga.obj
c:\users\donov_000\desktop\poly stuffz\year 2\programming physics\dm2212_framework\base\release\loadobj.obj
c:\users\donov_000\desktop\poly stuffz\year 2\programming physics\dm2212_framework\base\release\gameobject.obj
c:\users\donov_000\desktop\poly stuffz\year 2\programming physics\dm2212_framework\base\release\camera.obj
c:\users\donov_000\desktop\poly stuffz\year 2\programming physics\dm2212_framework\base\release\application.obj
c:\users\donov_000\desktop\poly stuffz\year 2\programming physics\dm2212_framework\release\base.exe
c:\users\donov_000\desktop\poly stuffz\year 2\programming physics\dm2212_framework\release\base.pdb
c:\users\donov_000\desktop\poly stuffz\year 2\programming physics\dm2212_framework\base\release\base.tlog\cl.command.1.tlog
c:\users\donov_000\desktop\poly stuffz\year 2\programming physics\dm2212_framework\base\release\base.tlog\cl.read.1.tlog
c:\users\donov_000\desktop\poly stuffz\year 2\programming physics\dm2212_framework\base\release\base.tlog\cl.write.1.tlog
c:\users\donov_000\desktop\poly stuffz\year 2\programming physics\dm2212_framework\base\release\base.tlog\link.command.1.tlog
c:\users\donov_000\desktop\poly stuffz\year 2\programming physics\dm2212_framework\base\release\base.tlog\link.read.1.tlog
c:\users\donov_000\desktop\poly stuffz\year 2\programming physics\dm2212_framework\base\release\base.tlog\link.write.1.tlog
